2026-01-13 13:17:32,931 - WARNING - 下载失败 (重试 1/3): Nature_005_Q-govNj9TXY.jpg, 等待 1s
2026-01-13 13:17:34,927 - WARNING - 下载失败 (重试 1/3): Technology_005_w_j54x4PATw.jpg, 等待 1s
2026-01-13 13:17:34,929 - WARNING - 下载失败 (重试 1/3): Travel_001_A-NVHPka9Rk.jpg, 等待 1s
2026-01-13 13:17:56,927 - WARNING - 下载失败 (重试 1/3): Nature_009_pFzHeHN0RaU.jpg, 等待 1s
2026-01-13 13:17:57,926 - WARNING - 下载失败 (重试 1/3): Travel_009_5SWgIJSsVJo.jpg, 等待 1s
2026-01-13 13:18:03,923 - WARNING - 下载失败 (重试 2/3): Nature_005_Q-govNj9TXY.jpg, 等待 2s
2026-01-13 13:18:05,922 - WARNING - 下载失败 (重试 2/3): Technology_005_w_j54x4PATw.jpg, 等待 2s
2026-01-13 13:18:18,926 - WARNING - 下载失败 (重试 1/3): Travel_013_zU_yDDSIWrA.jpg, 等待 1s
2026-01-13 13:18:23,923 - WARNING - 下载失败 (重试 1/3): Travel_014_deYiWXOmRcM.jpg, 等待 1s
2026-01-13 13:18:27,928 - WARNING - 下载失败 (重试 1/3): Travel_015_OtqOXaBMIc8.jpg, 等待 1s
2026-01-13 13:18:27,929 - WARNING - 下载失败 (重试 1/3): Technology_023_e4I4RQJchV8.jpg, 等待 1s
2026-01-13 13:18:27,930 - WARNING - 下载失败 (重试 2/3): Nature_009_pFzHeHN0RaU.jpg, 等待 2s
2026-01-13 13:18:28,931 - WARNING - 下载失败 (重试 1/3): Nature_016_eqcWw4aYm5g.jpg, 等待 1s
2026-01-13 13:18:28,931 - WARNING - 下载失败 (重试 1/3): Nature_015_VzRvD-erIPw.jpg, 等待 1s
2026-01-13 13:18:28,932 - WARNING - 下载失败 (重试 2/3): Travel_009_5SWgIJSsVJo.jpg, 等待 2s
2026-01-13 13:18:35,926 - ERROR - 下载最终失败: Nature_005_Q-govNj9TXY.jpg, 错误: 
2026-01-13 13:18:37,928 - ERROR - 下载最终失败: Technology_005_w_j54x4PATw.jpg, 错误: 
2026-01-13 13:18:49,925 - WARNING - 下载失败 (重试 2/3): Travel_013_zU_yDDSIWrA.jpg, 等待 2s
2026-01-13 13:18:54,938 - WARNING - 下载失败 (重试 2/3): Travel_014_deYiWXOmRcM.jpg, 等待 2s
2026-01-13 13:18:57,931 - WARNING - 下载失败 (重试 1/3): Technology_029_yaVQ-JOmXxQ.jpg, 等待 1s
2026-01-13 13:18:58,929 - WARNING - 下载失败 (重试 2/3): Travel_015_OtqOXaBMIc8.jpg, 等待 2s
2026-01-13 13:18:59,923 - ERROR - 下载最终失败: Nature_009_pFzHeHN0RaU.jpg, 错误: 
2026-01-13 13:18:59,931 - WARNING - 下载失败 (重试 2/3): Nature_015_VzRvD-erIPw.jpg, 等待 2s
2026-01-13 13:18:59,936 - WARNING - 下载失败 (重试 2/3): Nature_016_eqcWw4aYm5g.jpg, 等待 2s
2026-01-13 13:19:00,923 - ERROR - 下载最终失败: Travel_009_5SWgIJSsVJo.jpg, 错误: 
2026-01-13 13:19:00,936 - WARNING - 下载失败 (重试 1/3): Technology_030_NC2l6AVflzI.jpg, 等待 1s
2026-01-13 13:19:12,927 - WARNING - 下载失败 (重试 1/3): Nature_020_1fdJ82XIf_U.jpg, 等待 1s
2026-01-13 13:19:15,922 - WARNING - 下载失败 (重试 1/3): Technology_033_XD6bexnZEVA.jpg, 等待 1s
2026-01-13 13:19:20,927 - WARNING - 下载失败 (重试 1/3): Technology_034_gbxI8Wi4ZkQ.jpg, 等待 1s
2026-01-13 13:19:21,923 - ERROR - 下载最终失败: Travel_013_zU_yDDSIWrA.jpg, 错误: 
2026-01-13 13:19:26,922 - ERROR - 下载最终失败: Travel_014_deYiWXOmRcM.jpg, 错误: 
2026-01-13 13:19:27,926 - WARNING - 下载失败 (重试 1/3): Nature_022_ogFiuJHE-z8.jpg, 等待 1s
2026-01-13 13:19:28,929 - WARNING - 下载失败 (重试 2/3): Technology_029_yaVQ-JOmXxQ.jpg, 等待 2s
2026-01-13 13:19:31,922 - ERROR - 下载最终失败: Nature_015_VzRvD-erIPw.jpg, 错误: 
2026-01-13 13:19:32,924 - WARNING - 下载失败 (重试 2/3): Technology_030_NC2l6AVflzI.jpg, 等待 2s
2026-01-13 13:19:43,924 - WARNING - 下载失败 (重试 1/3): Travel_023_w1cfEPgE5R0.jpg, 等待 1s
2026-01-13 13:19:43,926 - WARNING - 下载失败 (重试 2/3): Nature_020_1fdJ82XIf_U.jpg, 等待 2s
2026-01-13 13:19:46,925 - WARNING - 下载失败 (重试 2/3): Technology_033_XD6bexnZEVA.jpg, 等待 2s
2026-01-13 13:19:51,922 - WARNING - 下载失败 (重试 2/3): Technology_034_gbxI8Wi4ZkQ.jpg, 等待 2s
2026-01-13 13:19:54,922 - WARNING - 下载失败 (重试 1/3): Technology_037_APIi2B61g1o.jpg, 等待 1s
2026-01-13 13:19:55,926 - WARNING - 下载失败 (重试 1/3): Travel_026_Xv3Yruegi_8.jpg, 等待 1s
2026-01-13 13:19:57,929 - WARNING - 下载失败 (重试 1/3): Travel_028_flzli1S5E4M.jpg, 等待 1s
2026-01-13 13:19:58,925 - WARNING - 下载失败 (重试 2/3): Nature_022_ogFiuJHE-z8.jpg, 等待 2s
2026-01-13 13:20:00,925 - ERROR - 下载最终失败: Technology_029_yaVQ-JOmXxQ.jpg, 错误: 
2026-01-13 13:20:01,922 - WARNING - 下载失败 (重试 1/3): Nature_026_2Us8igr8CsI.jpg, 等待 1s
2026-01-13 13:20:04,925 - ERROR - 下载最终失败: Technology_030_NC2l6AVflzI.jpg, 错误: 
2026-01-13 13:20:14,926 - WARNING - 下载失败 (重试 2/3): Travel_023_w1cfEPgE5R0.jpg, 等待 2s
2026-01-13 13:20:15,928 - ERROR - 下载最终失败: Nature_020_1fdJ82XIf_U.jpg, 错误: 
2026-01-13 13:20:18,924 - ERROR - 下载最终失败: Technology_033_XD6bexnZEVA.jpg, 错误: 
2026-01-13 13:20:21,922 - WARNING - 下载失败 (重试 1/3): Nature_028_IecZ5sdGzH0.jpg, 等待 1s
2026-01-13 13:20:22,927 - WARNING - 下载失败 (重试 1/3): Travel_031_QyfRofj7ePg.jpg, 等待 1s
2026-01-13 13:20:23,924 - ERROR - 下载最终失败: Technology_034_gbxI8Wi4ZkQ.jpg, 错误: 
2026-01-13 13:20:25,922 - WARNING - 下载失败 (重试 2/3): Technology_037_APIi2B61g1o.jpg, 等待 2s
2026-01-13 13:20:26,922 - WARNING - 下载失败 (重试 2/3): Travel_026_Xv3Yruegi_8.jpg, 等待 2s
2026-01-13 13:20:28,939 - WARNING - 下载失败 (重试 2/3): Travel_028_flzli1S5E4M.jpg, 等待 2s
2026-01-13 13:20:30,924 - ERROR - 下载最终失败: Nature_022_ogFiuJHE-z8.jpg, 错误: 
2026-01-13 13:20:32,929 - WARNING - 下载失败 (重试 2/3): Nature_026_2Us8igr8CsI.jpg, 等待 2s
2026-01-13 13:20:33,924 - WARNING - 下载失败 (重试 1/3): Travel_032_KyAjRMVtwk0.jpg, 等待 1s
2026-01-13 13:20:46,925 - ERROR - 下载最终失败: Travel_023_w1cfEPgE5R0.jpg, 错误: 
2026-01-13 13:20:47,922 - WARNING - 下载失败 (重试 1/3): Technology_040_RxHCRDO0psE.jpg, 等待 1s
2026-01-13 13:20:52,923 - WARNING - 下载失败 (重试 2/3): Nature_028_IecZ5sdGzH0.jpg, 等待 2s
2026-01-13 13:20:53,922 - WARNING - 下载失败 (重试 2/3): Travel_031_QyfRofj7ePg.jpg, 等待 2s
2026-01-13 13:20:57,924 - ERROR - 下载最终失败: Technology_037_APIi2B61g1o.jpg, 错误: 
2026-01-13 13:21:00,928 - WARNING - 下载失败 (重试 1/3): Nature_033_dBDTwieHhVo.jpg, 等待 1s
2026-01-13 13:21:00,929 - ERROR - 下载最终失败: Travel_028_flzli1S5E4M.jpg, 错误: 
2026-01-13 13:21:02,924 - WARNING - 下载失败 (重试 1/3): Nature_034_K1pu-mVmwqs.jpg, 等待 1s
2026-01-13 13:21:04,934 - ERROR - 下载最终失败: Nature_026_2Us8igr8CsI.jpg, 错误: 
2026-01-13 13:21:04,936 - WARNING - 下载失败 (重试 2/3): Travel_032_KyAjRMVtwk0.jpg, 等待 2s
2026-01-13 13:21:09,921 - WARNING - 下载失败 (重试 1/3): Technology_046_SVoZ18llGZo.jpg, 等待 1s
2026-01-13 13:21:16,924 - WARNING - 下载失败 (重试 1/3): Travel_033_A-NVHPka9Rk.jpg, 等待 1s
2026-01-13 13:21:17,927 - WARNING - 下载失败 (重试 1/3): Technology_048_6TNwT4enEuU.jpg, 等待 1s
2026-01-13 13:21:18,929 - WARNING - 下载失败 (重试 2/3): Technology_040_RxHCRDO0psE.jpg, 等待 2s
2026-01-13 13:21:24,925 - ERROR - 下载最终失败: Nature_028_IecZ5sdGzH0.jpg, 错误: 
2026-01-13 13:21:25,934 - ERROR - 下载最终失败: Travel_031_QyfRofj7ePg.jpg, 错误: 
2026-01-13 13:21:30,923 - WARNING - 下载失败 (重试 1/3): Travel_035_VIvtyoogVtM.jpg, 等待 1s
2026-01-13 13:21:31,924 - WARNING - 下载失败 (重试 2/3): Nature_033_dBDTwieHhVo.jpg, 等待 2s
2026-01-13 13:21:36,931 - ERROR - 下载最终失败: Travel_032_KyAjRMVtwk0.jpg, 错误: 
2026-01-13 13:21:40,927 - WARNING - 下载失败 (重试 2/3): Technology_046_SVoZ18llGZo.jpg, 等待 2s
2026-01-13 14:32:01,938 - WARNING - 下载失败 (重试 1/3): Technology_003_tMsKnlgotlE.jpg, 等待 1s
2026-01-13 14:32:01,942 - WARNING - 下载失败 (重试 1/3): Nature_002_o_-gToPk62c.jpg, 等待 1s
2026-01-13 14:32:01,943 - WARNING - 下载失败 (重试 1/3): Nature_008_-nir4vHtOgE.jpg, 等待 1s
2026-01-13 14:32:01,943 - WARNING - 下载失败 (重试 1/3): Nature_005_YjBDjQ5kEa4.jpg, 等待 1s
2026-01-13 14:32:04,925 - WARNING - 下载失败 (重试 1/3): Nature_009_V07HfjYfrjA.jpg, 等待 1s
2026-01-13 14:32:05,926 - WARNING - 下载失败 (重试 1/3): Travel_007_iGXIjzloB2k.jpg, 等待 1s
2026-01-13 14:32:05,927 - WARNING - 下载失败 (重试 1/3): Travel_004_RevOQ1P6ams.jpg, 等待 1s
2026-01-13 14:32:05,927 - WARNING - 下载失败 (重试 1/3): Travel_001_A-NVHPka9Rk.jpg, 等待 1s
2026-01-13 14:32:06,941 - WARNING - 下载失败 (重试 1/3): Travel_009_kocb5DuGmRs.jpg, 等待 1s
2026-01-13 14:32:11,926 - WARNING - 下载失败 (重试 1/3): Travel_010_yTpujKqddpE.jpg, 等待 1s
2026-01-13 14:32:15,925 - WARNING - 下载失败 (重试 1/3): Technology_011_IOwD2xsAfBI.jpg, 等待 1s
2026-01-13 14:32:21,927 - WARNING - 下载失败 (重试 1/3): Nature_011_j15T05vaNgA.jpg, 等待 1s
2026-01-13 14:32:24,922 - WARNING - 下载失败 (重试 1/3): Technology_015_cFoI1LhDAq0.jpg, 等待 1s
2026-01-13 14:32:24,923 - WARNING - 下载失败 (重试 1/3): Travel_011_k1LIMMsm8bg.jpg, 等待 1s
2026-01-13 14:32:24,924 - WARNING - 下载失败 (重试 1/3): Travel_012_PiHsdlKN8Sk.jpg, 等待 1s
2026-01-13 14:32:26,925 - WARNING - 下载失败 (重试 1/3): Nature_012_VzRvD-erIPw.jpg, 等待 1s
2026-01-13 14:32:26,930 - WARNING - 下载失败 (重试 1/3): Technology_016_QZePhoGqD7w.jpg, 等待 1s
2026-01-13 14:32:30,925 - WARNING - 下载失败 (重试 1/3): Travel_013_VyxWHYmPgZM.jpg, 等待 1s
2026-01-13 14:32:32,923 - WARNING - 下载失败 (重试 2/3): Nature_008_-nir4vHtOgE.jpg, 等待 2s
2026-01-13 14:32:32,924 - WARNING - 下载失败 (重试 2/3): Nature_005_YjBDjQ5kEa4.jpg, 等待 2s
2026-01-13 14:32:32,926 - WARNING - 下载失败 (重试 2/3): Nature_002_o_-gToPk62c.jpg, 等待 2s
2026-01-13 14:32:32,927 - WARNING - 下载失败 (重试 2/3): Technology_003_tMsKnlgotlE.jpg, 等待 2s
2026-01-13 14:32:35,924 - WARNING - 下载失败 (重试 2/3): Nature_009_V07HfjYfrjA.jpg, 等待 2s
2026-01-13 14:32:44,927 - WARNING - 下载失败 (重试 1/3): Technology_023_B_GzQH3xA3I.jpg, 等待 1s
2026-01-13 14:32:58,925 - WARNING - 下载失败 (重试 1/3): Travel_014_zU_yDDSIWrA.jpg, 等待 1s
2026-01-13 14:33:04,922 - ERROR - 下载最终失败: Nature_002_o_-gToPk62c.jpg, 错误: 
2026-01-13 14:33:05,938 - WARNING - 下载失败 (重试 1/3): Technology_030_yaVQ-JOmXxQ.jpg, 等待 1s
2026-01-13 14:33:05,940 - WARNING - 下载失败 (重试 1/3): Travel_016_deYiWXOmRcM.jpg, 等待 1s
2026-01-13 14:33:06,923 - WARNING - 下载失败 (重试 1/3): Nature_018_4bjRIO0aIRY.jpg, 等待 1s
2026-01-13 14:33:11,944 - WARNING - 下载失败 (重试 1/3): Technology_032_XD6bexnZEVA.jpg, 等待 1s
2026-01-13 14:33:12,934 - WARNING - 下载失败 (重试 1/3): Travel_019_VqB9DcTXm0Q.jpg, 等待 1s
2026-01-13 14:33:18,924 - WARNING - 下载失败 (重试 1/3): Technology_034_tMsKnlgotlE.jpg, 等待 1s
2026-01-13 14:33:23,925 - WARNING - 下载失败 (重试 1/3): Technology_035_qCqZeFmLkbM.jpg, 等待 1s
2026-01-13 14:33:26,924 - WARNING - 下载失败 (重试 1/3): Nature_024_jbMfLzTWZcA.jpg, 等待 1s
2026-01-13 14:33:26,925 - WARNING - 下载失败 (重试 1/3): Nature_023_fChN467gcbw.jpg, 等待 1s
2026-01-13 14:33:28,924 - WARNING - 下载失败 (重试 1/3): Technology_037_JurI1OmGRRo.jpg, 等待 1s
2026-01-13 14:33:30,923 - WARNING - 下载失败 (重试 1/3): Technology_038_pxF-NYZV9X4.jpg, 等待 1s
2026-01-13 14:33:35,926 - WARNING - 下载失败 (重试 1/3): Nature_028_izg91Pzzlfs.jpg, 等待 1s
2026-01-13 14:33:36,936 - WARNING - 下载失败 (重试 2/3): Travel_016_deYiWXOmRcM.jpg, 等待 2s
2026-01-13 14:33:36,938 - WARNING - 下载失败 (重试 1/3): Travel_028_bLoTByyH9o4.jpg, 等待 1s
2026-01-13 14:33:42,922 - WARNING - 下载失败 (重试 2/3): Technology_032_XD6bexnZEVA.jpg, 等待 2s
2026-01-13 14:33:43,923 - WARNING - 下载失败 (重试 2/3): Travel_019_VqB9DcTXm0Q.jpg, 等待 2s
2026-01-13 14:33:49,921 - WARNING - 下载失败 (重试 1/3): Nature_032_Ae64KHAzt1I.jpg, 等待 1s
2026-01-13 14:33:54,923 - WARNING - 下载失败 (重试 2/3): Technology_035_qCqZeFmLkbM.jpg, 等待 2s
2026-01-13 14:33:58,928 - WARNING - 下载失败 (重试 2/3): Nature_024_jbMfLzTWZcA.jpg, 等待 2s
2026-01-13 14:34:02,928 - WARNING - 下载失败 (重试 1/3): Nature_033_1BpC9oAq8SA.jpg, 等待 1s
2026-01-13 14:34:06,936 - WARNING - 下载失败 (重试 1/3): Nature_036_PuoxJhwsGdA.jpg, 等待 1s
2026-01-13 14:34:14,928 - ERROR - 下载最终失败: Technology_032_XD6bexnZEVA.jpg, 错误: 
2026-01-13 14:34:26,928 - ERROR - 下载最终失败: Technology_035_qCqZeFmLkbM.jpg, 错误: 
2026-01-13 14:34:30,926 - WARNING - 下载失败 (重试 1/3): Travel_047_zU_yDDSIWrA.jpg, 等待 1s
2026-01-13 14:34:30,931 - ERROR - 下载最终失败: Nature_024_jbMfLzTWZcA.jpg, 错误: 
2026-01-13 14:34:31,921 - WARNING - 下载失败 (重试 1/3): Nature_042_LtO5OspTrh0.jpg, 等待 1s
2026-01-13 14:34:33,950 - WARNING - 下载失败 (重试 2/3): Nature_033_1BpC9oAq8SA.jpg, 等待 2s
2026-01-13 14:34:36,923 - WARNING - 下载失败 (重试 1/3): Nature_043_1fdJ82XIf_U.jpg, 等待 1s
2026-01-13 14:34:37,923 - WARNING - 下载失败 (重试 2/3): Nature_036_PuoxJhwsGdA.jpg, 等待 2s
2026-01-13 14:34:46,926 - WARNING - 下载失败 (重试 1/3): Travel_054_Jbvzrks4Ny0.jpg, 等待 1s
2026-01-13 14:34:56,928 - WARNING - 下载失败 (重试 1/3): Nature_047__hSVk3GKatg.jpg, 等待 1s
2026-01-13 14:35:00,923 - WARNING - 下载失败 (重试 1/3): Nature_048_SqzeIvVmU3g.jpg, 等待 1s
2026-01-13 14:35:02,926 - WARNING - 下载失败 (重试 2/3): Nature_042_LtO5OspTrh0.jpg, 等待 2s
2026-01-13 14:35:02,927 - WARNING - 下载失败 (重试 1/3): Nature_049_kRXK0rjoKBA.jpg, 等待 1s
2026-01-13 14:35:08,925 - WARNING - 下载失败 (重试 1/3): Travel_064_f-dhDoAywZA.jpg, 等待 1s
2026-01-13 14:35:18,933 - WARNING - 下载失败 (重试 1/3): Travel_066_okS5taY8XUk.jpg, 等待 1s
2026-01-13 14:35:27,921 - WARNING - 下载失败 (重试 2/3): Nature_047__hSVk3GKatg.jpg, 等待 2s
2026-01-13 14:35:31,923 - WARNING - 下载失败 (重试 2/3): Nature_048_SqzeIvVmU3g.jpg, 等待 2s
2026-01-13 14:35:33,926 - WARNING - 下载失败 (重试 2/3): Nature_049_kRXK0rjoKBA.jpg, 等待 2s
2026-01-13 14:35:34,936 - ERROR - 下载最终失败: Nature_042_LtO5OspTrh0.jpg, 错误: 
2026-01-13 14:35:54,927 - WARNING - 下载失败 (重试 1/3): Travel_083_i8fRj3z8bvk.jpg, 等待 1s
2026-01-13 14:36:03,922 - ERROR - 下载最终失败: Nature_048_SqzeIvVmU3g.jpg, 错误: 
2026-01-13 14:36:05,925 - ERROR - 下载最终失败: Nature_049_kRXK0rjoKBA.jpg, 错误: 
2026-01-13 14:36:12,927 - WARNING - 下载失败 (重试 1/3): Travel_089_bLoTByyH9o4.jpg, 等待 1s
