2026-01-14 15:05:40,385 [INFO] 正在初始化 Edge 浏览器驱动...
2026-01-14 15:05:51,868 [INFO] 正在打开登录页面: http://redmine2.adayotsp.com:1889/login
2026-01-14 15:05:59,993 [INFO] --- 登录成功 ---
2026-01-14 15:05:59,993 [INFO] 正在扫描目录: UI_Resources
2026-01-14 15:06:04,332 [INFO] 正在扫描目录: 20230922_N5系_空调座椅_修改版-备注-车模型及电池后续更新
2026-01-14 15:06:07,108 [INFO] 正在扫描目录: 20230922_N50AB_白_空调_修改版V1.0-备注-车模型及电池后续更新
2026-01-14 15:06:09,154 [INFO] 正在扫描目录: assets
2026-01-14 15:06:23,798 [INFO] 已下载: Driving Mode (Background).png
2026-01-14 15:06:25,375 [INFO] 已下载: Rectangle 3757备份 2.png
2026-01-14 15:06:27,025 [INFO] 已下载: air_assistant_driver_heat_btn_0.png
2026-01-14 15:06:28,657 [INFO] 已下载: air_assistant_driver_heat_btn_1.png
2026-01-14 15:06:30,224 [INFO] 已下载: air_assistant_driver_heat_btn_1_n51.png
2026-01-14 15:06:31,814 [INFO] 已下载: air_assistant_driver_heat_btn_2.png
2026-01-14 15:06:34,306 [INFO] 已下载: air_assistant_driver_heat_btn_2_n51.png
2026-01-14 15:06:36,093 [INFO] 已下载: air_assistant_driver_heat_btn_3.png
2026-01-14 15:06:37,628 [INFO] 已下载: air_assistant_driver_heat_btn_3_n51.png
2026-01-14 15:06:40,255 [INFO] 已下载: air_assistant_driver_ventilate_btn_0.png
2026-01-14 15:06:41,873 [INFO] 已下载: air_assistant_driver_ventilate_btn_1.png
2026-01-14 15:06:43,438 [INFO] 已下载: air_assistant_driver_ventilate_btn_1_n51.png
2026-01-14 15:06:45,037 [INFO] 已下载: air_assistant_driver_ventilate_btn_2.png
2026-01-14 15:06:46,599 [INFO] 已下载: air_assistant_driver_ventilate_btn_2_n51.png
2026-01-14 15:06:48,330 [INFO] 已下载: air_assistant_driver_ventilate_btn_3.png
2026-01-14 15:06:49,914 [INFO] 已下载: air_assistant_driver_ventilate_btn_3_n51.png
2026-01-14 15:06:51,526 [INFO] 已下载: air_autovolume_progress_auto.png
2026-01-14 15:06:53,115 [INFO] 已下载: air_autovolume_progress_auto_bg.png
2026-01-14 15:06:54,670 [INFO] 已下载: air_autovolume_progress_bar.png
2026-01-14 15:06:56,216 [INFO] 已下载: air_autovolume_progress_bar_bg.png
2026-01-14 15:06:57,735 [INFO] 已下载: air_autovolume_progress_bar_light.png
2026-01-14 15:06:59,772 [INFO] 已下载: air_autovolume_progress_bar_point.png
2026-01-14 15:07:01,396 [INFO] 已下载: air_btn_back_row_close_n.png
2026-01-14 15:07:04,695 [INFO] 已下载: air_btn_back_row_close_p.png
2026-01-14 15:07:06,841 [INFO] 已下载: air_btn_mode_chuichuang_d.png
2026-01-14 15:07:08,458 [INFO] 已下载: air_btn_mode_chuichuang_n.png
2026-01-14 15:07:10,058 [INFO] 已下载: air_btn_mode_chuichuang_p.png
2026-01-14 15:07:12,634 [INFO] 已下载: air_btn_mode_chuijiao_d.png
2026-01-14 15:07:14,213 [INFO] 已下载: air_btn_mode_chuijiao_n.png
2026-01-14 15:07:15,702 [INFO] 已下载: air_btn_mode_chuijiao_p.png
2026-01-14 15:07:17,254 [INFO] 已下载: air_btn_mode_chuitou_d.png
2026-01-14 15:07:18,798 [INFO] 已下载: air_btn_mode_chuitou_n.png
2026-01-14 15:07:20,399 [INFO] 已下载: air_btn_mode_chuitou_p.png
2026-01-14 15:07:21,978 [INFO] 已下载: air_btn_mode_copilot_chuijiao_d.png
2026-01-14 15:07:23,562 [INFO] 已下载: air_btn_mode_copilot_chuijiao_n.png
2026-01-14 15:07:25,181 [INFO] 已下载: air_btn_mode_copilot_chuijiao_p.png
2026-01-14 15:07:26,807 [INFO] 已下载: air_btn_mode_copilot_chuitou_d.png
2026-01-14 15:07:28,397 [INFO] 已下载: air_btn_mode_copilot_chuitou_n.png
2026-01-14 15:07:29,996 [INFO] 已下载: air_btn_mode_copilot_chuitou_p.png
2026-01-14 15:07:32,186 [INFO] 已下载: air_btn_xiangfen_d.png
2026-01-14 15:07:33,755 [INFO] 已下载: air_btn_xiangfen_p.png
2026-01-14 15:07:36,404 [INFO] 已下载: air_chair_adjust_regulation1_line.png
2026-01-14 15:07:38,152 [INFO] 已下载: air_chair_adjust_regulation1_line_left.png
2026-01-14 15:07:39,762 [INFO] 已下载: air_chair_adjust_regulation1_line_right.png
2026-01-14 15:07:42,386 [INFO] 已下载: air_chair_adjust_regulation1_line_slide.png
2026-01-14 15:07:43,978 [INFO] 已下载: air_chair_adjust_regulation2_left.png
2026-01-14 15:07:46,601 [INFO] 已下载: air_chair_adjust_regulation2_left_d.png
2026-01-14 15:07:48,181 [INFO] 已下载: air_chair_adjust_regulation2_line.png
2026-01-14 15:07:50,737 [INFO] 已下载: air_chair_adjust_regulation2_line_left.png
2026-01-14 15:07:52,355 [INFO] 已下载: air_chair_adjust_regulation2_line_point.png
2026-01-14 15:07:53,957 [INFO] 已下载: air_chair_adjust_regulation2_line_right.png
2026-01-14 15:07:56,174 [INFO] 已下载: air_chair_adjust_regulation2_line_slide.png
2026-01-14 15:07:58,337 [INFO] 已下载: air_chair_adjust_regulation2_right.png
2026-01-14 15:07:59,903 [INFO] 已下载: air_chair_adjust_regulation2_right_d.png
2026-01-14 15:08:03,544 [INFO] 已下载: air_chair_adjust_regulation3_down.png
2026-01-14 15:08:05,070 [INFO] 已下载: air_chair_adjust_regulation3_down_d.png
2026-01-14 15:08:07,754 [INFO] 已下载: air_chair_adjust_regulation3_line.png
2026-01-14 15:08:09,398 [INFO] 已下载: air_chair_adjust_regulation3_line_down.png
2026-01-14 15:08:10,991 [INFO] 已下载: air_chair_adjust_regulation3_line_point.png
2026-01-14 15:08:12,636 [INFO] 已下载: air_chair_adjust_regulation3_line_slide.png
2026-01-14 15:08:14,245 [INFO] 已下载: air_chair_adjust_regulation3_line_up.png
2026-01-14 15:08:16,446 [INFO] 已下载: air_chair_adjust_regulation3_up.png
2026-01-14 15:08:18,007 [INFO] 已下载: air_chair_adjust_regulation3_up_d.png
2026-01-14 15:08:19,637 [INFO] 已下载: air_chair_adjust_regulation4_left.png
2026-01-14 15:08:21,184 [INFO] 已下载: air_chair_adjust_regulation4_left_d.png
2026-01-14 15:08:22,789 [INFO] 已下载: air_chair_adjust_regulation4_line.png
2026-01-14 15:08:24,435 [INFO] 已下载: air_chair_adjust_regulation4_line_down.png
2026-01-14 15:08:26,065 [INFO] 已下载: air_chair_adjust_regulation4_line_point.png
2026-01-14 15:08:27,797 [INFO] 已下载: air_chair_adjust_regulation4_line_slide.png
2026-01-14 15:08:29,422 [INFO] 已下载: air_chair_adjust_regulation4_line_up.png
2026-01-14 15:08:31,119 [INFO] 已下载: air_chair_adjust_regulation4_right.png
2026-01-14 15:08:32,743 [INFO] 已下载: air_chair_adjust_regulation4_right_d.png
2026-01-14 15:08:34,307 [INFO] 已下载: air_chair_adjust_regulation5_left.png
2026-01-14 15:08:37,018 [INFO] 已下载: air_chair_adjust_regulation5_left_d.png
2026-01-14 15:08:38,709 [INFO] 已下载: air_chair_adjust_regulation5_line.png
2026-01-14 15:08:40,290 [INFO] 已下载: air_chair_adjust_regulation5_line_left.png
2026-01-14 15:08:41,870 [INFO] 已下载: air_chair_adjust_regulation5_line_point.png
2026-01-14 15:08:43,447 [INFO] 已下载: air_chair_adjust_regulation5_line_right.png
